<?xml version="1.0" encoding="UTF-8"?>
<!-- Generated by org.testng.reporters.JUnitReportReporter -->
<testsuite hostname="ANUJ" failures="0" tests="2" name="testcases.Test2" time="0.007" errors="0" timestamp="2023-06-22T15:40:33 IST" skipped="0">
  <testcase classname="testcases.Test2" name="test_search" time="0.004"/>
  <testcase classname="testcases.Test2" name="test_advSearch" time="0.003"/>
</testsuite> <!-- testcases.Test2 -->
