<?xml version="1.0" encoding="UTF-8"?>
<!-- Generated by org.testng.reporters.JUnitReportReporter -->
<testsuite hostname="ANUJ" failures="0" tests="2" name="testcases.Test1" time="0.026" errors="0" timestamp="2023-06-22T15:40:33 IST" skipped="0">
  <testcase classname="testcases.Test1" name="test_login" time="0.022"/>
  <testcase classname="testcases.Test1" name="test_logout" time="0.004"/>
</testsuite> <!-- testcases.Test1 -->
